<?xml version="1.0" encoding="UTF-8"?>
<!-- Generated by org.testng.reporters.JUnitXMLReporter -->
<testsuite hostname="DESKTOP-U3UA2VB" ignored="0" name="Product Info" tests="3" failures="1" timestamp="2020-11-30T18:27:06 IST" time="44.173" errors="0">
  <testcase name="productInfo_TitleTest" time="2.037" classname="com.qa.corpository.tests.ProductInfoTest"/>
  <testcase name="verifyAddToCart" time="0.814" classname="com.qa.corpository.tests.ProductInfoTest"/>
  <testcase name="verifyProductDetails" time="31.707" classname="com.qa.corpository.tests.ProductInfoTest">
    <failure type="java.lang.AssertionError" message="expected [true] but found [false]">
      <![CDATA[java.lang.AssertionError: expected [true] but found [false]
at com.qa.corpository.tests.ProductInfoTest.verifyProductDetails(ProductInfoTest.java:31)
at java.util.ArrayList.forEach(ArrayList.java:1259)
... Removed 31 stack frames]]>
    </failure>
  </testcase> <!-- verifyProductDetails -->
</testsuite> <!-- Product Info -->
