<?xml version="1.0" encoding="UTF-8"?>
<!-- Generated by org.testng.reporters.JUnitXMLReporter -->
<testsuite hostname="DESKTOP-U3UA2VB" ignored="6" name="Test" tests="23" failures="1" timestamp="2020-11-30T14:31:27 IST" time="72.447" errors="0">
  <testcase name="@BeforeClass registrationSetup" time="0.001" classname="com.qa.corpository.tests.RegistrationTest">
    <failure type="java.lang.NullPointerException">
      <![CDATA[java.lang.NullPointerException
at com.qa.corpository.tests.RegistrationTest.registrationSetup(RegistrationTest.java:15)
at java.util.ArrayList.forEach(ArrayList.java:1259)
... Removed 25 stack frames]]>
    </failure>
  </testcase> <!-- @BeforeClass registrationSetup -->
  <testcase name="@BeforeClass AccountPagesetup" time="0.0" classname="com.qa.corpository.tests.AccountPageTest">
    <failure type="java.lang.NullPointerException">
      <![CDATA[java.lang.NullPointerException
at com.qa.corpository.tests.AccountPageTest.AccountPagesetup(AccountPageTest.java:14)
at java.util.ArrayList.forEach(ArrayList.java:1259)
... Removed 25 stack frames]]>
    </failure>
  </testcase> <!-- @BeforeClass AccountPagesetup -->
  <testcase name="@BeforeClass ProductInfoSetup" time="0.001" classname="com.qa.corpository.tests.ProductInfoTest">
    <failure type="java.lang.NullPointerException">
      <![CDATA[java.lang.NullPointerException
at com.qa.corpository.tests.ProductInfoTest.ProductInfoSetup(ProductInfoTest.java:15)
at java.util.ArrayList.forEach(ArrayList.java:1259)
... Removed 25 stack frames]]>
    </failure>
  </testcase> <!-- @BeforeClass ProductInfoSetup -->
  <testcase name="verifyLoginPageTitleTest" time="0.034" classname="com.qa.corpository.tests.LoginPageTest"/>
  <testcase name="verifySerachFieldAvaibility" time="0.112" classname="com.qa.corpository.tests.LoginPageTest"/>
  <testcase name="verifyHeaderMenuLink" time="0.05" classname="com.qa.corpository.tests.LoginPageTest"/>
  <testcase name="verifyHeaderMenuList" time="0.212" classname="com.qa.corpository.tests.LoginPageTest"/>
  <testcase name="verifyRightMenucount" time="0.05" classname="com.qa.corpository.tests.LoginPageTest"/>
  <testcase name="verifyRightMenuList" time="0.443" classname="com.qa.corpository.tests.LoginPageTest"/>
  <testcase name="verifyFooterSectioncount" time="0.037" classname="com.qa.corpository.tests.LoginPageTest"/>
  <testcase name="verifyFooterSectionList" time="0.107" classname="com.qa.corpository.tests.LoginPageTest"/>
  <testcase name="verifyLoginTest" time="0.751" classname="com.qa.corpository.tests.LoginPageTest"/>
  <testcase name="verifyUserRegistrationDetails" time="0.0" classname="com.qa.corpository.tests.RegistrationTest">
    <skipped/>
  </testcase> <!-- verifyUserRegistrationDetails -->
  <testcase name="verifyUserRegistrationDetails" time="0.0" classname="com.qa.corpository.tests.RegistrationTest">
    <skipped/>
  </testcase> <!-- verifyUserRegistrationDetails -->
  <testcase name="verifyUserRegistrationDetails" time="0.0" classname="com.qa.corpository.tests.RegistrationTest">
    <skipped/>
  </testcase> <!-- verifyUserRegistrationDetails -->
  <testcase name="accountPageTitleTest" time="0.0" classname="com.qa.corpository.tests.AccountPageTest">
    <skipped/>
  </testcase> <!-- accountPageTitleTest -->
  <testcase name="accountPageSectionCountTest" time="0.0" classname="com.qa.corpository.tests.AccountPageTest">
    <skipped/>
  </testcase> <!-- accountPageSectionCountTest -->
  <testcase name="accountPageSectionListTest" time="0.0" classname="com.qa.corpository.tests.AccountPageTest">
    <skipped/>
  </testcase> <!-- accountPageSectionListTest -->
  <testcase name="accountPageHeaderTest" time="0.0" classname="com.qa.corpository.tests.AccountPageTest">
    <skipped/>
  </testcase> <!-- accountPageHeaderTest -->
  <testcase name="accountSearchFieldAvailablityTest" time="0.0" classname="com.qa.corpository.tests.AccountPageTest">
    <skipped/>
  </testcase> <!-- accountSearchFieldAvailablityTest -->
  <testcase name="accountSearchFieldEnabledTest" time="0.0" classname="com.qa.corpository.tests.AccountPageTest">
    <skipped/>
  </testcase> <!-- accountSearchFieldEnabledTest -->
  <testcase name="productSearchTest" time="0.0" classname="com.qa.corpository.tests.AccountPageTest">
    <skipped/>
  </testcase> <!-- productSearchTest -->
  <testcase name="addToCartTest" time="0.0" classname="com.qa.corpository.tests.ProductInfoTest">
    <skipped/>
  </testcase> <!-- addToCartTest -->
  <testcase name="productInfo_TitleTest" time="0.0" classname="com.qa.corpository.tests.ProductInfoTest">
    <skipped/>
  </testcase> <!-- productInfo_TitleTest -->
  <testcase name="verifyProductDetails" time="0.0" classname="com.qa.corpository.tests.ProductInfoTest">
    <skipped/>
  </testcase> <!-- verifyProductDetails -->
  <testcase name="verifyProductDetails" time="44.456" classname="com.qa.corpository.tests.ProductInfoTest">
    <failure type="java.lang.RuntimeException" message="Unexpected result for screenshot command: null">
      <![CDATA[java.lang.RuntimeException: Unexpected result for screenshot command: null
at org.openqa.selenium.remote.RemoteWebDriver.getScreenshotAs(RemoteWebDriver.java:304)
at com.qa.corpository.base.BasePage.getScreenshot(BasePage.java:93)
at com.qa.corpository.testlisteners.ExtentReportListener.onTestSkipped(ExtentReportListener.java:109)
at java.util.ArrayList.forEach(ArrayList.java:1259)
... Removed 25 stack frames]]>
    </failure>
  </testcase> <!-- verifyProductDetails -->
  <testcase name="@BeforeTest setup" time="0.0" classname="com.qa.corpository.base.BaseTest">
    <ignored/>
  </testcase> <!-- @BeforeTest setup -->
  <testcase name="@BeforeTest setup" time="0.0" classname="com.qa.corpository.base.BaseTest">
    <ignored/>
  </testcase> <!-- @BeforeTest setup -->
  <testcase name="@BeforeTest setup" time="0.0" classname="com.qa.corpository.base.BaseTest">
    <ignored/>
  </testcase> <!-- @BeforeTest setup -->
  <testcase name="@AfterTest tearDown" time="0.0" classname="com.qa.corpository.base.BaseTest">
    <ignored/>
  </testcase> <!-- @AfterTest tearDown -->
  <testcase name="@AfterTest tearDown" time="0.0" classname="com.qa.corpository.base.BaseTest">
    <ignored/>
  </testcase> <!-- @AfterTest tearDown -->
  <testcase name="@AfterTest tearDown" time="0.0" classname="com.qa.corpository.base.BaseTest">
    <ignored/>
  </testcase> <!-- @AfterTest tearDown -->
</testsuite> <!-- Test -->
